Using pre-set license
Built from '2020.3/staging' branch; Version is '2020.3.32f1 (12f8b0834f07) revision 1243312'; Using compiler version '192528614'; Build Type 'Release'
OS: 'Windows 10  (10.0.19044) 64bit Core' Language: 'es' Physical Memory: 8081 MB
BatchMode: 1, IsHumanControllingUs: 0, StartBugReporterOnCrash: 0, Is64bit: 1, IsPro: 0

COMMAND LINE ARGUMENTS:
C:\Program Files\Unity\Hub\Editor\2020.3.32f1\Editor\Unity.exe
-adb2
-batchMode
-noUpm
-name
AssetImportWorker0
-projectPath
E:/Proyectos/GIT/Projects/DispoMov
-logFile
Logs/AssetImportWorker0.log
-srvPort
51853
Successfully changed project path to: E:/Proyectos/GIT/Projects/DispoMov
E:/Proyectos/GIT/Projects/DispoMov
Using Asset Import Pipeline V2.
Refreshing native plugins compatible for Editor in 72.42 ms, found 3 plugins.
Preloading 0 native plugins for Editor in 0.00 ms.
Initialize engine version: 2020.3.32f1 (12f8b0834f07)
[Subsystems] Discovering subsystems at path C:/Program Files/Unity/Hub/Editor/2020.3.32f1/Editor/Data/Resources/UnitySubsystems
[Subsystems] Discovering subsystems at path E:/Proyectos/GIT/Projects/DispoMov/Assets
GfxDevice: creating device client; threaded=0
Direct3D:
    Version:  Direct3D 11.0 [level 11.0]
    Renderer: NVIDIA GeForce GT 650M (ID=0xfd1)
    Vendor:   
    VRAM:     2007 MB
    Driver:   25.21.14.2531
Initialize mono
Mono path[0] = 'C:/Program Files/Unity/Hub/Editor/2020.3.32f1/Editor/Data/Managed'
Mono path[1] = 'C:/Program Files/Unity/Hub/Editor/2020.3.32f1/Editor/Data/MonoBleedingEdge/lib/mono/unityjit'
Mono config path = 'C:/Program Files/Unity/Hub/Editor/2020.3.32f1/Editor/Data/MonoBleedingEdge/etc'
Using monoOptions --debugger-agent=transport=dt_socket,embedding=1,server=y,suspend=n,address=127.0.0.1:56832
Begin MonoManager ReloadAssembly
Registering precompiled unity dll's ...
Register platform support module: C:/Program Files/Unity/Hub/Editor/2020.3.32f1/Editor/Data/PlaybackEngines/WindowsStandaloneSupport/UnityEditor.WindowsStandalone.Extensions.dll
Registered in 0.003194 seconds.
Native extension for WindowsStandalone target not found
Refreshing native plugins compatible for Editor in 74.74 ms, found 3 plugins.
Preloading 0 native plugins for Editor in 0.00 ms.
Mono: successfully reloaded assembly
- Completed reload, in  0.884 seconds
Domain Reload Profiling:
	ReloadAssembly (884ms)
		BeginReloadAssembly (93ms)
			ExecutionOrderSort (0ms)
			DisableScriptedObjects (0ms)
			BackupInstance (0ms)
			ReleaseScriptingObjects (0ms)
			CreateAndSetChildDomain (1ms)
		EndReloadAssembly (688ms)
			LoadAssemblies (89ms)
			RebuildTransferFunctionScriptingTraits (0ms)
			SetupTypeCache (203ms)
			ReleaseScriptCaches (0ms)
			RebuildScriptCaches (63ms)
			SetupLoadedEditorAssemblies (256ms)
				LogAssemblyErrors (0ms)
				InitializePlatformSupportModulesInManaged (6ms)
				SetLoadedEditorAssemblies (0ms)
				RefreshPlugins (75ms)
				BeforeProcessingInitializeOnLoad (23ms)
				ProcessInitializeOnLoadAttributes (112ms)
				ProcessInitializeOnLoadMethodAttributes (39ms)
				AfterProcessingInitializeOnLoad (0ms)
				EditorAssembliesLoaded (0ms)
			ExecutionOrderSort2 (0ms)
			AwakeInstancesAfterBackupRestoration (0ms)
Platform modules already initialized, skipping
Registering precompiled user dll's ...
Registered in 0.003260 seconds.
Begin MonoManager ReloadAssembly
Symbol file data-000001F7FC19A010 doesn't match image E:\Proyectos\GIT\Projects\DispoMov\Library\ScriptAssemblies\Unity.2D.Animation.Editor.dll
Symbol file LoadedFromMemory is not a mono symbol file
Symbol file data-000001F7F230B730 doesn't match image E:\Proyectos\GIT\Projects\DispoMov\Library\ScriptAssemblies\Unity.InternalAPIEngineBridge.001.dll
Symbol file LoadedFromMemory is not a mono symbol file
Symbol file data-000001F7FBE46A20 doesn't match image E:\Proyectos\GIT\Projects\DispoMov\Library\ScriptAssemblies\Unity.VSCode.Editor.dll
Symbol file LoadedFromMemory is not a mono symbol file
Symbol file data-000001F7FBE25CC0 doesn't match image E:\Proyectos\GIT\Projects\DispoMov\Library\ScriptAssemblies\Unity.2D.PixelPerfect.dll
Symbol file LoadedFromMemory is not a mono symbol file
Symbol file data-000001F7FC1BEC20 doesn't match image E:\Proyectos\GIT\Projects\DispoMov\Library\ScriptAssemblies\Unity.2D.Tilemap.Editor.dll
Symbol file LoadedFromMemory is not a mono symbol file
Symbol file data-000001F7FBA77610 doesn't match image E:\Proyectos\GIT\Projects\DispoMov\Library\ScriptAssemblies\PsdPlugin.dll
Symbol file LoadedFromMemory is not a mono symbol file
Symbol file data-000001F7FBD5F010 doesn't match image E:\Proyectos\GIT\Projects\DispoMov\Library\ScriptAssemblies\Unity.TextMeshPro.Editor.dll
Symbol file LoadedFromMemory is not a mono symbol file
Symbol file data-000001F7FBE07010 doesn't match image E:\Proyectos\GIT\Projects\DispoMov\Library\ScriptAssemblies\Unity.VisualStudio.Editor.dll
Symbol file LoadedFromMemory is not a mono symbol file
Symbol file data-000001F7FC1D1E30 doesn't match image E:\Proyectos\GIT\Projects\DispoMov\Library\ScriptAssemblies\UnityEngine.TestRunner.dll
Symbol file LoadedFromMemory is not a mono symbol file
Symbol file data-000001F7FBD8EC30 doesn't match image E:\Proyectos\GIT\Projects\DispoMov\Library\ScriptAssemblies\Unity.Timeline.dll
Symbol file LoadedFromMemory is not a mono symbol file
Symbol file data-000001F7F7975F30 doesn't match image E:\Proyectos\GIT\Projects\DispoMov\Library\ScriptAssemblies\Unity.TextMeshPro.dll
Symbol file LoadedFromMemory is not a mono symbol file
Symbol file data-000001F7FBD8EC30 doesn't match image E:\Proyectos\GIT\Projects\DispoMov\Library\ScriptAssemblies\UnityEditor.TestRunner.dll
Symbol file LoadedFromMemory is not a mono symbol file
Symbol file data-000001F7FBE46A20 doesn't match image E:\Proyectos\GIT\Projects\DispoMov\Library\ScriptAssemblies\Unity.2D.IK.Editor.dll
Symbol file LoadedFromMemory is not a mono symbol file
Symbol file data-000001F7FBD8EC30 doesn't match image E:\Proyectos\GIT\Projects\DispoMov\Library\ScriptAssemblies\Unity.2D.Sprite.Editor.dll
Symbol file LoadedFromMemory is not a mono symbol file
Symbol file data-000001F7FBE07010 doesn't match image E:\Proyectos\GIT\Projects\DispoMov\Library\ScriptAssemblies\Unity.2D.Psdimporter.Editor.dll
Symbol file LoadedFromMemory is not a mono symbol file
Symbol file data-000001F7FB74EC30 doesn't match image E:\Proyectos\GIT\Projects\DispoMov\Library\ScriptAssemblies\Unity.2D.Path.Editor.dll
Symbol file LoadedFromMemory is not a mono symbol file
Symbol file data-000001F7F782E850 doesn't match image E:\Proyectos\GIT\Projects\DispoMov\Library\ScriptAssemblies\Unity.InternalAPIEditorBridge.001.dll
Symbol file LoadedFromMemory is not a mono symbol file
Symbol file data-000001F7FBE07010 doesn't match image E:\Proyectos\GIT\Projects\DispoMov\Library\ScriptAssemblies\UnityEditor.UI.dll
Symbol file LoadedFromMemory is not a mono symbol file
Symbol file data-000001F7FC01F010 doesn't match image E:\Proyectos\GIT\Projects\DispoMov\Library\ScriptAssemblies\Unity.PlasticSCM.Editor.dll
Symbol file LoadedFromMemory is not a mono symbol file
Symbol file data-000001F7FBC180D0 doesn't match image E:\Proyectos\GIT\Projects\DispoMov\Library\ScriptAssemblies\Unity.Rider.Editor.dll
Symbol file LoadedFromMemory is not a mono symbol file
Symbol file data-000001F7FBFC5020 doesn't match image E:\Proyectos\GIT\Projects\DispoMov\Library\ScriptAssemblies\UnityEngine.UI.dll
Symbol file LoadedFromMemory is not a mono symbol file
Symbol file data-000001F7F7BC10D0 doesn't match image E:\Proyectos\GIT\Projects\DispoMov\Library\ScriptAssemblies\Unity.Mathematics.dll
Symbol file LoadedFromMemory is not a mono symbol file
Symbol file data-000001F7FB9D5410 doesn't match image E:\Proyectos\GIT\Projects\DispoMov\Library\ScriptAssemblies\Unity.2D.IK.Runtime.dll
Symbol file LoadedFromMemory is not a mono symbol file
Symbol file data-000001F7FBC180D0 doesn't match image E:\Proyectos\GIT\Projects\DispoMov\Library\ScriptAssemblies\Unity.Services.Core.Editor.dll
Symbol file LoadedFromMemory is not a mono symbol file
Symbol file data-000001F7FCE7DE20 doesn't match image E:\Proyectos\GIT\Projects\DispoMov\Library\ScriptAssemblies\Cinemachine.dll
Symbol file LoadedFromMemory is not a mono symbol file
Symbol file data-000001F7FCE7DE20 doesn't match image E:\Proyectos\GIT\Projects\DispoMov\Library\ScriptAssemblies\com.unity.cinemachine.editor.dll
Symbol file LoadedFromMemory is not a mono symbol file
Symbol file data-000001F7F7BEECE0 doesn't match image E:\Proyectos\GIT\Projects\DispoMov\Library\ScriptAssemblies\Unity.2D.Animation.Triangle.Runtime.dll
Symbol file LoadedFromMemory is not a mono symbol file
Symbol file data-000001F7FCDA8010 doesn't match image E:\Proyectos\GIT\Projects\DispoMov\Library\ScriptAssemblies\Unity.2D.Animation.Runtime.dll
Symbol file LoadedFromMemory is not a mono symbol file
Symbol file data-000001F7F7AB4310 doesn't match image E:\Proyectos\GIT\Projects\DispoMov\Library\ScriptAssemblies\Unity.2D.PixelPerfect.Editor.dll
Symbol file LoadedFromMemory is not a mono symbol file
Symbol file data-000001F7FBB86E20 doesn't match image E:\Proyectos\GIT\Projects\DispoMov\Library\ScriptAssemblies\Unity.Timeline.Editor.dll
Symbol file LoadedFromMemory is not a mono symbol file
Symbol file data-000001F7F7CBC630 doesn't match image E:\Proyectos\GIT\Projects\DispoMov\Library\ScriptAssemblies\Unity.CollabProxy.Editor.dll
Symbol file LoadedFromMemory is not a mono symbol file
Symbol file data-000001F7F78C93E0 doesn't match image E:\Proyectos\GIT\Projects\DispoMov\Library\ScriptAssemblies\Unity.Mathematics.Editor.dll
Symbol file LoadedFromMemory is not a mono symbol file
Symbol file data-000001F7FBE47910 doesn't match image E:\Proyectos\GIT\Projects\DispoMov\Library\ScriptAssemblies\Unity.2D.Common.Runtime.dll
Symbol file LoadedFromMemory is not a mono symbol file
Symbol file data-000001F7FBE07010 doesn't match image E:\Proyectos\GIT\Projects\DispoMov\Library\ScriptAssemblies\Unity.2D.SpriteShape.Editor.dll
Symbol file LoadedFromMemory is not a mono symbol file
Symbol file data-000001F7FC05FE30 doesn't match image E:\Proyectos\GIT\Projects\DispoMov\Library\ScriptAssemblies\Unity.2D.Common.Editor.dll
Symbol file LoadedFromMemory is not a mono symbol file
Symbol file data-000001F7F7CBC630 doesn't match image E:\Proyectos\GIT\Projects\DispoMov\Library\ScriptAssemblies\Unity.2D.SpriteShape.Runtime.dll
Symbol file LoadedFromMemory is not a mono symbol file
Native extension for WindowsStandalone target not found
Refreshing native plugins compatible for Editor in 76.31 ms, found 3 plugins.
Preloading 0 native plugins for Editor in 0.00 ms.
Mono: successfully reloaded assembly
- Completed reload, in  1.716 seconds
Domain Reload Profiling:
	ReloadAssembly (1718ms)
		BeginReloadAssembly (220ms)
			ExecutionOrderSort (0ms)
			DisableScriptedObjects (7ms)
			BackupInstance (0ms)
			ReleaseScriptingObjects (0ms)
			CreateAndSetChildDomain (24ms)
		EndReloadAssembly (1404ms)
			LoadAssemblies (143ms)
			RebuildTransferFunctionScriptingTraits (0ms)
			SetupTypeCache (451ms)
			ReleaseScriptCaches (1ms)
			RebuildScriptCaches (81ms)
			SetupLoadedEditorAssemblies (549ms)
				LogAssemblyErrors (0ms)
				InitializePlatformSupportModulesInManaged (5ms)
				SetLoadedEditorAssemblies (0ms)
				RefreshPlugins (76ms)
				BeforeProcessingInitializeOnLoad (129ms)
				ProcessInitializeOnLoadAttributes (301ms)
				ProcessInitializeOnLoadMethodAttributes (27ms)
				AfterProcessingInitializeOnLoad (10ms)
				EditorAssembliesLoaded (0ms)
			ExecutionOrderSort2 (0ms)
			AwakeInstancesAfterBackupRestoration (9ms)
Platform modules already initialized, skipping
========================================================================
Worker process is ready to serve import requests
Launched and connected shader compiler UnityShaderCompiler.exe after 0.15 seconds
Refreshing native plugins compatible for Editor in 0.69 ms, found 3 plugins.
Preloading 0 native plugins for Editor in 0.00 ms.
Unloading 2406 Unused Serialized files (Serialized files now loaded: 0)
System memory in use before: 105.4 MB.
System memory in use after: 105.5 MB.

Unloading 32 unused Assets to reduce memory usage. Loaded Objects now: 2840.
Total: 4.359300 ms (FindLiveObjects: 0.259000 ms CreateObjectMapping: 0.120800 ms MarkObjects: 3.774500 ms  DeleteObjects: 0.203300 ms)

AssetImportParameters requested are different than current active one (requested -> active):
  custom:framework-win-MediaFoundation: 216162199b28c13a410421893ffa2e32 -> 
  custom:video-decoder-ogg-theora: a1e56fd34408186e4bbccfd4996cb3dc -> 
  custom:container-muxer-webm: aa71ff27fc2769a1b78a27578f13a17b -> 
  custom:container-demuxer-webm: 4f35f7cbe854078d1ac9338744f61a02 -> 
  custom:container-demuxer-ogg: 62fdf1f143b41e24485cea50d1cbac27 -> 
  custom:video-encoder-webm-vp8: eb34c28f22e8b96e1ab97ce403110664 -> 
  custom:video-decoder-webm-vp8: 9c59270c3fd7afecdb556c50c9e8de78 -> 
  custom:audio-decoder-ogg-vorbis: bf7c407c2cedff20999df2af8eb42d56 -> 
  custom:audio-encoder-webm-vorbis: bf7c407c2cedff20999df2af8eb42d56 -> 
========================================================================
Received Import Request.
  path: Assets/Scenes/Level1.unity
  artifactKey: Guid(2cda990e2423bbf4892e6590ba056729) Importer(815301076,1909f56bfc062723c751e8b465ee728b)
Start importing Assets/Scenes/Level1.unity using Guid(2cda990e2423bbf4892e6590ba056729) Importer(815301076,1909f56bfc062723c751e8b465ee728b)  -> (artifact id: '865417cd612c4e5f91aa9b9238df7860') in 0.017588 seconds 
========================================================================
Received Import Request.
  Time since last request: 2.685193 seconds.
  path: Assets/Scenes/Level2.unity
  artifactKey: Guid(f1ddeed96c1843844a09e82b20ad298d) Importer(815301076,1909f56bfc062723c751e8b465ee728b)
Start importing Assets/Scenes/Level2.unity using Guid(f1ddeed96c1843844a09e82b20ad298d) Importer(815301076,1909f56bfc062723c751e8b465ee728b)  -> (artifact id: 'ff1db2265899e5f1311a8a4cae5bd8d6') in 0.011395 seconds 
========================================================================
Received Import Request.
  Time since last request: 2.973081 seconds.
  path: Assets/Scenes/StartMenu.unity
  artifactKey: Guid(fa84dfa8a05e7b143a997bf344ff6630) Importer(815301076,1909f56bfc062723c751e8b465ee728b)
Start importing Assets/Scenes/StartMenu.unity using Guid(fa84dfa8a05e7b143a997bf344ff6630) Importer(815301076,1909f56bfc062723c751e8b465ee728b)  -> (artifact id: '8eb6cd01efc4775cc2279e626985e445') in 0.012432 seconds 
========================================================================
Received Import Request.
  Time since last request: 1.492552 seconds.
  path: Assets/Scenes/Store.unity
  artifactKey: Guid(2bca8215daec6b24891fbc994e8be9e4) Importer(815301076,1909f56bfc062723c751e8b465ee728b)
Start importing Assets/Scenes/Store.unity using Guid(2bca8215daec6b24891fbc994e8be9e4) Importer(815301076,1909f56bfc062723c751e8b465ee728b)  -> (artifact id: 'aef24e8d6a2f4e6031e130caed8b3dbf') in 0.012128 seconds 
========================================================================
Received Import Request.
  Time since last request: 1.055710 seconds.
  path: Assets/Scenes/Tiles.unity
  artifactKey: Guid(6426d8c2e692b3045aa4ba1448909656) Importer(815301076,1909f56bfc062723c751e8b465ee728b)
Start importing Assets/Scenes/Tiles.unity using Guid(6426d8c2e692b3045aa4ba1448909656) Importer(815301076,1909f56bfc062723c751e8b465ee728b)  -> (artifact id: '38d266e2a1c1402384423b9157233110') in 0.012162 seconds 
========================================================================
Received Import Request.
  Time since last request: 632.838232 seconds.
  path: Assets/Scripts/GameManager.cs
  artifactKey: Guid(e96e7f1c837e675458f8513a896c7eda) Importer(815301076,1909f56bfc062723c751e8b465ee728b)
Start importing Assets/Scripts/GameManager.cs using Guid(e96e7f1c837e675458f8513a896c7eda) Importer(815301076,1909f56bfc062723c751e8b465ee728b)  -> (artifact id: 'df2db85dd8b2bed538a2337b9b353eae') in 0.045568 seconds 
========================================================================
Received Import Request.
  Time since last request: 2048.595584 seconds.
  path: Assets/Scripts/OptionScript.cs
  artifactKey: Guid(03c1c1ce9d038e9469811ae01b677236) Importer(815301076,1909f56bfc062723c751e8b465ee728b)
Start importing Assets/Scripts/OptionScript.cs using Guid(03c1c1ce9d038e9469811ae01b677236) Importer(815301076,1909f56bfc062723c751e8b465ee728b)  -> (artifact id: 'bb20373e7d2fa11d0355274292d466ad') in 0.008721 seconds 
AssetImportWorkerClient::OnTransportError - code=2 error=End of file
